2026-04-19 00:00:00,016 [cordys-crm-quartz_Worker-6] DEBUG c.c.q.c.ClusterQuartzFixedDelayJobBean 32 - The scheduled task starts：targetObject=notifyOnJob, targetMethod=onEvent
2026-04-19 00:00:00,017 [cordys-crm-quartz_Worker-6] DEBUG c.c.c.s.m.E.selectInEffectUnConvertData 135 - ==>  Preparing: SELECT * FROM sys_announcement WHERE end_time >= ? and start_time < ? and notice = false
2026-04-19 00:00:00,017 [cordys-crm-quartz_Worker-6] DEBUG c.c.c.s.m.E.selectInEffectUnConvertData 135 - ==> Parameters: 1776528000016(Long), 1776528000016(Long)
2026-04-19 00:00:00,018 [cordys-crm-quartz_Worker-6] DEBUG c.c.c.s.m.E.selectInEffectUnConvertData 135 - <==      Total: 0
2026-04-19 00:00:00,018 [cordys-crm-quartz_Worker-6] DEBUG c.c.q.c.ClusterQuartzFixedDelayJobBean 36 - The scheduled task ends normally：targetObject=notifyOnJob, targetMethod=onEvent
2026-04-19 00:00:00,018 [cordys-crm-quartz_Worker-6] DEBUG c.c.q.config.FixedDelayJobListener ? - Not a fixed delay job : DEFAULT.6da64b5bd2ee-b4a12474-66d4-42f0-817d-48eec9a05398
2026-04-19 00:02:00,017 [cordys-crm-quartz_Worker-7] DEBUG c.c.q.c.ClusterQuartzFixedDelayJobBean 32 - The scheduled task starts：targetObject=sessionJob, targetMethod=cleanSession
2026-04-19 00:02:00,028 [cordys-crm-quartz_Worker-7] DEBUG c.c.q.c.ClusterQuartzFixedDelayJobBean 36 - The scheduled task ends normally：targetObject=sessionJob, targetMethod=cleanSession
2026-04-19 00:02:00,028 [cordys-crm-quartz_Worker-7] DEBUG c.c.q.config.FixedDelayJobListener 63 - Not a fixed delay job : DEFAULT.6da64b5bd2ee-93ee7abe-5429-4cb3-9e04-13ef07577774
2026-04-19 00:35:00,020 [cordys-crm-quartz_Worker-8] DEBUG c.c.q.c.ClusterQuartzFixedDelayJobBean 32 - The scheduled task starts：targetObject=notifyOnJob, targetMethod=onEvent
2026-04-19 00:35:00,021 [cordys-crm-quartz_Worker-8] DEBUG c.c.c.s.m.E.selectInEffectUnConvertData 135 - ==>  Preparing: SELECT * FROM sys_announcement WHERE end_time >= ? and start_time < ? and notice = false
2026-04-19 00:35:00,022 [cordys-crm-quartz_Worker-8] DEBUG c.c.c.s.m.E.selectInEffectUnConvertData ? - ==> Parameters: 1776530100021(Long), 1776530100021(Long)
2026-04-19 00:35:00,023 [cordys-crm-quartz_Worker-8] DEBUG c.c.c.s.m.E.selectInEffectUnConvertData ? - <==      Total: 0
2026-04-19 00:35:00,023 [cordys-crm-quartz_Worker-8] DEBUG c.c.q.c.ClusterQuartzFixedDelayJobBean ? - The scheduled task ends normally：targetObject=notifyOnJob, targetMethod=onEvent
2026-04-19 00:35:00,023 [cordys-crm-quartz_Worker-8] DEBUG c.c.q.config.FixedDelayJobListener 63 - Not a fixed delay job : DEFAULT.6da64b5bd2ee-b4a12474-66d4-42f0-817d-48eec9a05398
2026-04-19 00:55:00,182 [cordys-crm-quartz_Worker-9] DEBUG c.c.q.c.ClusterQuartzFixedDelayJobBean ? - The scheduled task starts：targetObject=notifyOnJob, targetMethod=onEvent
2026-04-19 00:55:00,184 [cordys-crm-quartz_Worker-9] DEBUG c.c.c.s.m.E.selectInEffectUnConvertData ? - ==>  Preparing: SELECT * FROM sys_announcement WHERE end_time >= ? and start_time < ? and notice = false
2026-04-19 00:55:00,184 [cordys-crm-quartz_Worker-9] DEBUG c.c.c.s.m.E.selectInEffectUnConvertData ? - ==> Parameters: 1776531300183(Long), 1776531300183(Long)
2026-04-19 00:55:00,185 [cordys-crm-quartz_Worker-9] DEBUG c.c.c.s.m.E.selectInEffectUnConvertData ? - <==      Total: 0
2026-04-19 00:55:00,185 [cordys-crm-quartz_Worker-9] DEBUG c.c.q.c.ClusterQuartzFixedDelayJobBean 36 - The scheduled task ends normally：targetObject=notifyOnJob, targetMethod=onEvent
2026-04-19 00:55:00,185 [cordys-crm-quartz_Worker-9] DEBUG c.c.q.config.FixedDelayJobListener ? - Not a fixed delay job : DEFAULT.6da64b5bd2ee-b4a12474-66d4-42f0-817d-48eec9a05398
2026-04-19 01:05:00,016 [cordys-crm-quartz_Worker-10] DEBUG c.c.q.c.ClusterQuartzFixedDelayJobBean 32 - The scheduled task starts：targetObject=notifyOnJob, targetMethod=onEvent
2026-04-19 01:05:00,017 [cordys-crm-quartz_Worker-10] DEBUG c.c.c.s.m.E.selectInEffectUnConvertData ? - ==>  Preparing: SELECT * FROM sys_announcement WHERE end_time >= ? and start_time < ? and notice = false
2026-04-19 01:05:00,017 [cordys-crm-quartz_Worker-10] DEBUG c.c.c.s.m.E.selectInEffectUnConvertData 135 - ==> Parameters: 1776531900016(Long), 1776531900016(Long)
2026-04-19 01:05:00,019 [cordys-crm-quartz_Worker-10] DEBUG c.c.c.s.m.E.selectInEffectUnConvertData ? - <==      Total: 0
2026-04-19 01:05:00,019 [cordys-crm-quartz_Worker-10] DEBUG c.c.q.c.ClusterQuartzFixedDelayJobBean 36 - The scheduled task ends normally：targetObject=notifyOnJob, targetMethod=onEvent
2026-04-19 01:05:00,019 [cordys-crm-quartz_Worker-10] DEBUG c.c.q.config.FixedDelayJobListener ? - Not a fixed delay job : DEFAULT.6da64b5bd2ee-b4a12474-66d4-42f0-817d-48eec9a05398
2026-04-19 01:10:00,029 [cordys-crm-quartz_Worker-1] DEBUG c.c.q.c.ClusterQuartzFixedDelayJobBean 32 - The scheduled task starts：targetObject=notifyOnJob, targetMethod=onEvent
2026-04-19 01:10:00,031 [cordys-crm-quartz_Worker-1] DEBUG c.c.c.s.m.E.selectInEffectUnConvertData ? - ==>  Preparing: SELECT * FROM sys_announcement WHERE end_time >= ? and start_time < ? and notice = false
2026-04-19 01:10:00,031 [cordys-crm-quartz_Worker-1] DEBUG c.c.c.s.m.E.selectInEffectUnConvertData ? - ==> Parameters: 1776532200030(Long), 1776532200030(Long)
2026-04-19 01:10:00,033 [cordys-crm-quartz_Worker-1] DEBUG c.c.c.s.m.E.selectInEffectUnConvertData ? - <==      Total: 0
2026-04-19 01:10:00,033 [cordys-crm-quartz_Worker-1] DEBUG c.c.q.c.ClusterQuartzFixedDelayJobBean ? - The scheduled task ends normally：targetObject=notifyOnJob, targetMethod=onEvent
2026-04-19 01:10:00,033 [cordys-crm-quartz_Worker-1] DEBUG c.c.q.config.FixedDelayJobListener ? - Not a fixed delay job : DEFAULT.6da64b5bd2ee-b4a12474-66d4-42f0-817d-48eec9a05398
2026-04-19 01:15:00,062 [cordys-crm-quartz_Worker-2] DEBUG c.c.q.c.ClusterQuartzFixedDelayJobBean ? - The scheduled task starts：targetObject=notifyOnJob, targetMethod=onEvent
2026-04-19 01:15:00,063 [cordys-crm-quartz_Worker-2] DEBUG c.c.c.s.m.E.selectInEffectUnConvertData ? - ==>  Preparing: SELECT * FROM sys_announcement WHERE end_time >= ? and start_time < ? and notice = false
2026-04-19 01:15:00,063 [cordys-crm-quartz_Worker-2] DEBUG c.c.c.s.m.E.selectInEffectUnConvertData ? - ==> Parameters: 1776532500062(Long), 1776532500062(Long)
2026-04-19 01:15:00,064 [cordys-crm-quartz_Worker-2] DEBUG c.c.c.s.m.E.selectInEffectUnConvertData 135 - <==      Total: 0
2026-04-19 01:15:00,064 [cordys-crm-quartz_Worker-2] DEBUG c.c.q.c.ClusterQuartzFixedDelayJobBean 36 - The scheduled task ends normally：targetObject=notifyOnJob, targetMethod=onEvent
2026-04-19 01:15:00,064 [cordys-crm-quartz_Worker-2] DEBUG c.c.q.config.FixedDelayJobListener ? - Not a fixed delay job : DEFAULT.6da64b5bd2ee-b4a12474-66d4-42f0-817d-48eec9a05398
2026-04-19 01:20:00,014 [cordys-crm-quartz_Worker-3] DEBUG c.c.q.c.ClusterQuartzFixedDelayJobBean ? - The scheduled task starts：targetObject=notifyOnJob, targetMethod=onEvent
2026-04-19 01:20:00,015 [cordys-crm-quartz_Worker-3] DEBUG c.c.c.s.m.E.selectInEffectUnConvertData ? - ==>  Preparing: SELECT * FROM sys_announcement WHERE end_time >= ? and start_time < ? and notice = false
2026-04-19 01:20:00,015 [cordys-crm-quartz_Worker-3] DEBUG c.c.c.s.m.E.selectInEffectUnConvertData 135 - ==> Parameters: 1776532800014(Long), 1776532800014(Long)
2026-04-19 01:20:00,016 [cordys-crm-quartz_Worker-3] DEBUG c.c.c.s.m.E.selectInEffectUnConvertData ? - <==      Total: 0
2026-04-19 01:20:00,017 [cordys-crm-quartz_Worker-3] DEBUG c.c.q.c.ClusterQuartzFixedDelayJobBean ? - The scheduled task ends normally：targetObject=notifyOnJob, targetMethod=onEvent
2026-04-19 01:20:00,017 [cordys-crm-quartz_Worker-3] DEBUG c.c.q.config.FixedDelayJobListener 63 - Not a fixed delay job : DEFAULT.6da64b5bd2ee-b4a12474-66d4-42f0-817d-48eec9a05398
2026-04-19 01:35:00,026 [cordys-crm-quartz_Worker-4] DEBUG c.c.q.c.ClusterQuartzFixedDelayJobBean ? - The scheduled task starts：targetObject=notifyOnJob, targetMethod=onEvent
2026-04-19 01:35:00,027 [cordys-crm-quartz_Worker-4] DEBUG c.c.c.s.m.E.selectInEffectUnConvertData ? - ==>  Preparing: SELECT * FROM sys_announcement WHERE end_time >= ? and start_time < ? and notice = false
2026-04-19 01:35:00,027 [cordys-crm-quartz_Worker-4] DEBUG c.c.c.s.m.E.selectInEffectUnConvertData ? - ==> Parameters: 1776533700026(Long), 1776533700026(Long)
2026-04-19 01:35:00,029 [cordys-crm-quartz_Worker-4] DEBUG c.c.c.s.m.E.selectInEffectUnConvertData ? - <==      Total: 0
2026-04-19 01:35:00,029 [cordys-crm-quartz_Worker-4] DEBUG c.c.q.c.ClusterQuartzFixedDelayJobBean ? - The scheduled task ends normally：targetObject=notifyOnJob, targetMethod=onEvent
2026-04-19 01:35:00,029 [cordys-crm-quartz_Worker-4] DEBUG c.c.q.config.FixedDelayJobListener ? - Not a fixed delay job : DEFAULT.6da64b5bd2ee-b4a12474-66d4-42f0-817d-48eec9a05398
2026-04-19 01:55:00,022 [cordys-crm-quartz_Worker-5] DEBUG c.c.q.c.ClusterQuartzFixedDelayJobBean ? - The scheduled task starts：targetObject=notifyOnJob, targetMethod=onEvent
2026-04-19 01:55:00,023 [cordys-crm-quartz_Worker-5] DEBUG c.c.c.s.m.E.selectInEffectUnConvertData ? - ==>  Preparing: SELECT * FROM sys_announcement WHERE end_time >= ? and start_time < ? and notice = false
2026-04-19 01:55:00,024 [cordys-crm-quartz_Worker-5] DEBUG c.c.c.s.m.E.selectInEffectUnConvertData 135 - ==> Parameters: 1776534900023(Long), 1776534900023(Long)
2026-04-19 01:55:00,025 [cordys-crm-quartz_Worker-5] DEBUG c.c.c.s.m.E.selectInEffectUnConvertData 135 - <==      Total: 0
2026-04-19 01:55:00,025 [cordys-crm-quartz_Worker-5] DEBUG c.c.q.c.ClusterQuartzFixedDelayJobBean 36 - The scheduled task ends normally：targetObject=notifyOnJob, targetMethod=onEvent
2026-04-19 01:55:00,025 [cordys-crm-quartz_Worker-5] DEBUG c.c.q.config.FixedDelayJobListener ? - Not a fixed delay job : DEFAULT.6da64b5bd2ee-b4a12474-66d4-42f0-817d-48eec9a05398
2026-04-19 02:05:00,021 [cordys-crm-quartz_Worker-6] DEBUG c.c.q.c.ClusterQuartzFixedDelayJobBean 32 - The scheduled task starts：targetObject=notifyOnJob, targetMethod=onEvent
2026-04-19 02:05:00,022 [cordys-crm-quartz_Worker-6] DEBUG c.c.c.s.m.E.selectInEffectUnConvertData ? - ==>  Preparing: SELECT * FROM sys_announcement WHERE end_time >= ? and start_time < ? and notice = false
2026-04-19 02:05:00,022 [cordys-crm-quartz_Worker-6] DEBUG c.c.c.s.m.E.selectInEffectUnConvertData ? - ==> Parameters: 1776535500021(Long), 1776535500021(Long)
2026-04-19 02:05:00,023 [cordys-crm-quartz_Worker-6] DEBUG c.c.c.s.m.E.selectInEffectUnConvertData ? - <==      Total: 0
2026-04-19 02:05:00,023 [cordys-crm-quartz_Worker-6] DEBUG c.c.q.c.ClusterQuartzFixedDelayJobBean ? - The scheduled task ends normally：targetObject=notifyOnJob, targetMethod=onEvent
2026-04-19 02:05:00,023 [cordys-crm-quartz_Worker-6] DEBUG c.c.q.config.FixedDelayJobListener ? - Not a fixed delay job : DEFAULT.6da64b5bd2ee-b4a12474-66d4-42f0-817d-48eec9a05398
2026-04-19 02:55:00,020 [cordys-crm-quartz_Worker-7] DEBUG c.c.q.c.ClusterQuartzFixedDelayJobBean 32 - The scheduled task starts：targetObject=notifyOnJob, targetMethod=onEvent
2026-04-19 02:55:00,021 [cordys-crm-quartz_Worker-7] DEBUG c.c.c.s.m.E.selectInEffectUnConvertData ? - ==>  Preparing: SELECT * FROM sys_announcement WHERE end_time >= ? and start_time < ? and notice = false
2026-04-19 02:55:00,021 [cordys-crm-quartz_Worker-7] DEBUG c.c.c.s.m.E.selectInEffectUnConvertData 135 - ==> Parameters: 1776538500021(Long), 1776538500021(Long)
2026-04-19 02:55:00,022 [cordys-crm-quartz_Worker-7] DEBUG c.c.c.s.m.E.selectInEffectUnConvertData ? - <==      Total: 0
2026-04-19 02:55:00,022 [cordys-crm-quartz_Worker-7] DEBUG c.c.q.c.ClusterQuartzFixedDelayJobBean ? - The scheduled task ends normally：targetObject=notifyOnJob, targetMethod=onEvent
2026-04-19 02:55:00,022 [cordys-crm-quartz_Worker-7] DEBUG c.c.q.config.FixedDelayJobListener ? - Not a fixed delay job : DEFAULT.6da64b5bd2ee-b4a12474-66d4-42f0-817d-48eec9a05398
2026-04-19 03:00:00,025 [cordys-crm-quartz_Worker-8] DEBUG c.c.q.c.ClusterQuartzFixedDelayJobBean 32 - The scheduled task starts：targetObject=taskCleanupJob, targetMethod=execute
2026-04-19 03:00:00,054 [cordys-crm-quartz_Worker-8] DEBUG c.c.c.f.m.E.selectPlanByTimestamp ? - ==>  Preparing: select fup.id, fup.customer_id, fup.opportunity_id, fup.clue_id, fup.organization_id, fup.owner, fup.estimated_time, fup.create_user FROM follow_up_plan fup INNER JOIN sys_user on sys_user.id = fup.`owner` and sys_user.id = fup.`create_user` WHERE estimated_time = ?
2026-04-19 03:00:00,054 [cordys-crm-quartz_Worker-8] DEBUG c.c.c.f.m.E.selectPlanByTimestamp ? - ==> Parameters: 1776528000000(Long)
2026-04-19 03:00:00,056 [cordys-crm-quartz_Worker-8] DEBUG c.c.c.f.m.E.selectPlanByTimestamp ? - <==      Total: 0
2026-04-19 03:00:00,059 [cordys-crm-quartz_Worker-8] DEBUG c.c.q.c.ClusterQuartzFixedDelayJobBean 36 - The scheduled task ends normally：targetObject=taskCleanupJob, targetMethod=execute
2026-04-19 03:00:00,059 [cordys-crm-quartz_Worker-8] DEBUG c.c.q.config.FixedDelayJobListener 63 - Not a fixed delay job : DEFAULT.6da64b5bd2ee-7928190d-c0f3-461c-aa31-8d3ee8801298
2026-04-19 03:10:00,065 [cordys-crm-quartz_Worker-9] DEBUG c.c.q.c.ClusterQuartzFixedDelayJobBean ? - The scheduled task starts：targetObject=notifyOnJob, targetMethod=onEvent
2026-04-19 03:10:00,066 [cordys-crm-quartz_Worker-9] DEBUG c.c.c.s.m.E.selectInEffectUnConvertData ? - ==>  Preparing: SELECT * FROM sys_announcement WHERE end_time >= ? and start_time < ? and notice = false
2026-04-19 03:10:00,066 [cordys-crm-quartz_Worker-9] DEBUG c.c.c.s.m.E.selectInEffectUnConvertData 135 - ==> Parameters: 1776539400065(Long), 1776539400065(Long)
2026-04-19 03:10:00,067 [cordys-crm-quartz_Worker-9] DEBUG c.c.c.s.m.E.selectInEffectUnConvertData 135 - <==      Total: 0
2026-04-19 03:10:00,067 [cordys-crm-quartz_Worker-9] DEBUG c.c.q.c.ClusterQuartzFixedDelayJobBean 36 - The scheduled task ends normally：targetObject=notifyOnJob, targetMethod=onEvent
2026-04-19 03:10:00,067 [cordys-crm-quartz_Worker-9] DEBUG c.c.q.config.FixedDelayJobListener 63 - Not a fixed delay job : DEFAULT.6da64b5bd2ee-b4a12474-66d4-42f0-817d-48eec9a05398
2026-04-19 03:15:00,046 [cordys-crm-quartz_Worker-10] DEBUG c.c.q.c.ClusterQuartzFixedDelayJobBean ? - The scheduled task starts：targetObject=notifyOnJob, targetMethod=onEvent
2026-04-19 03:15:00,046 [cordys-crm-quartz_Worker-10] DEBUG c.c.c.s.m.E.selectInEffectUnConvertData ? - ==>  Preparing: SELECT * FROM sys_announcement WHERE end_time >= ? and start_time < ? and notice = false
2026-04-19 03:15:00,046 [cordys-crm-quartz_Worker-10] DEBUG c.c.c.s.m.E.selectInEffectUnConvertData 135 - ==> Parameters: 1776539700046(Long), 1776539700046(Long)
2026-04-19 03:15:00,047 [cordys-crm-quartz_Worker-10] DEBUG c.c.c.s.m.E.selectInEffectUnConvertData 135 - <==      Total: 0
2026-04-19 03:15:00,048 [cordys-crm-quartz_Worker-10] DEBUG c.c.q.c.ClusterQuartzFixedDelayJobBean 36 - The scheduled task ends normally：targetObject=notifyOnJob, targetMethod=onEvent
2026-04-19 03:15:00,048 [cordys-crm-quartz_Worker-10] DEBUG c.c.q.config.FixedDelayJobListener 63 - Not a fixed delay job : DEFAULT.6da64b5bd2ee-b4a12474-66d4-42f0-817d-48eec9a05398
2026-04-19 03:30:00,497 [cordys-crm-quartz_Worker-1] DEBUG c.c.q.c.ClusterQuartzFixedDelayJobBean ? - The scheduled task starts：targetObject=notifyOnJob, targetMethod=onEvent
2026-04-19 03:30:00,498 [cordys-crm-quartz_Worker-1] DEBUG c.c.c.s.m.E.selectInEffectUnConvertData ? - ==>  Preparing: SELECT * FROM sys_announcement WHERE end_time >= ? and start_time < ? and notice = false
2026-04-19 03:30:00,498 [cordys-crm-quartz_Worker-1] DEBUG c.c.c.s.m.E.selectInEffectUnConvertData 135 - ==> Parameters: 1776540600497(Long), 1776540600497(Long)
2026-04-19 03:30:00,499 [cordys-crm-quartz_Worker-1] DEBUG c.c.c.s.m.E.selectInEffectUnConvertData ? - <==      Total: 0
2026-04-19 03:30:00,499 [cordys-crm-quartz_Worker-1] DEBUG c.c.q.c.ClusterQuartzFixedDelayJobBean 36 - The scheduled task ends normally：targetObject=notifyOnJob, targetMethod=onEvent
2026-04-19 03:30:00,500 [cordys-crm-quartz_Worker-1] DEBUG c.c.q.config.FixedDelayJobListener 63 - Not a fixed delay job : DEFAULT.6da64b5bd2ee-b4a12474-66d4-42f0-817d-48eec9a05398
2026-04-19 03:35:00,033 [cordys-crm-quartz_Worker-2] DEBUG c.c.q.c.ClusterQuartzFixedDelayJobBean 32 - The scheduled task starts：targetObject=notifyOnJob, targetMethod=onEvent
2026-04-19 03:35:00,034 [cordys-crm-quartz_Worker-2] DEBUG c.c.c.s.m.E.selectInEffectUnConvertData ? - ==>  Preparing: SELECT * FROM sys_announcement WHERE end_time >= ? and start_time < ? and notice = false
2026-04-19 03:35:00,035 [cordys-crm-quartz_Worker-2] DEBUG c.c.c.s.m.E.selectInEffectUnConvertData ? - ==> Parameters: 1776540900033(Long), 1776540900033(Long)
2026-04-19 03:35:00,035 [cordys-crm-quartz_Worker-2] DEBUG c.c.c.s.m.E.selectInEffectUnConvertData 135 - <==      Total: 0
2026-04-19 03:35:00,036 [cordys-crm-quartz_Worker-2] DEBUG c.c.q.c.ClusterQuartzFixedDelayJobBean 36 - The scheduled task ends normally：targetObject=notifyOnJob, targetMethod=onEvent
2026-04-19 03:35:00,036 [cordys-crm-quartz_Worker-2] DEBUG c.c.q.config.FixedDelayJobListener 63 - Not a fixed delay job : DEFAULT.6da64b5bd2ee-b4a12474-66d4-42f0-817d-48eec9a05398
2026-04-19 03:45:00,013 [cordys-crm-quartz_Worker-3] DEBUG c.c.q.c.ClusterQuartzFixedDelayJobBean 32 - The scheduled task starts：targetObject=notifyOnJob, targetMethod=onEvent
2026-04-19 03:45:00,014 [cordys-crm-quartz_Worker-3] DEBUG c.c.c.s.m.E.selectInEffectUnConvertData ? - ==>  Preparing: SELECT * FROM sys_announcement WHERE end_time >= ? and start_time < ? and notice = false
2026-04-19 03:45:00,014 [cordys-crm-quartz_Worker-3] DEBUG c.c.c.s.m.E.selectInEffectUnConvertData ? - ==> Parameters: 1776541500013(Long), 1776541500013(Long)
2026-04-19 03:45:00,015 [cordys-crm-quartz_Worker-3] DEBUG c.c.c.s.m.E.selectInEffectUnConvertData ? - <==      Total: 0
2026-04-19 03:45:00,015 [cordys-crm-quartz_Worker-3] DEBUG c.c.q.c.ClusterQuartzFixedDelayJobBean 36 - The scheduled task ends normally：targetObject=notifyOnJob, targetMethod=onEvent
2026-04-19 03:45:00,015 [cordys-crm-quartz_Worker-3] DEBUG c.c.q.config.FixedDelayJobListener 63 - Not a fixed delay job : DEFAULT.6da64b5bd2ee-b4a12474-66d4-42f0-817d-48eec9a05398
2026-04-19 03:55:00,099 [cordys-crm-quartz_Worker-4] DEBUG c.c.q.c.ClusterQuartzFixedDelayJobBean ? - The scheduled task starts：targetObject=notifyOnJob, targetMethod=onEvent
2026-04-19 03:55:00,100 [cordys-crm-quartz_Worker-4] DEBUG c.c.c.s.m.E.selectInEffectUnConvertData ? - ==>  Preparing: SELECT * FROM sys_announcement WHERE end_time >= ? and start_time < ? and notice = false
2026-04-19 03:55:00,101 [cordys-crm-quartz_Worker-4] DEBUG c.c.c.s.m.E.selectInEffectUnConvertData ? - ==> Parameters: 1776542100100(Long), 1776542100100(Long)
2026-04-19 03:55:00,102 [cordys-crm-quartz_Worker-4] DEBUG c.c.c.s.m.E.selectInEffectUnConvertData ? - <==      Total: 0
2026-04-19 03:55:00,102 [cordys-crm-quartz_Worker-4] DEBUG c.c.q.c.ClusterQuartzFixedDelayJobBean 36 - The scheduled task ends normally：targetObject=notifyOnJob, targetMethod=onEvent
2026-04-19 03:55:00,102 [cordys-crm-quartz_Worker-4] DEBUG c.c.q.config.FixedDelayJobListener ? - Not a fixed delay job : DEFAULT.6da64b5bd2ee-b4a12474-66d4-42f0-817d-48eec9a05398
2026-04-19 04:00:00,023 [cordys-crm-quartz_Worker-5] DEBUG c.c.q.c.ClusterQuartzFixedDelayJobBean 32 - The scheduled task starts：targetObject=notifyOnJob, targetMethod=onEvent
2026-04-19 04:00:00,024 [cordys-crm-quartz_Worker-5] DEBUG c.c.c.s.m.E.selectInEffectUnConvertData ? - ==>  Preparing: SELECT * FROM sys_announcement WHERE end_time >= ? and start_time < ? and notice = false
2026-04-19 04:00:00,024 [cordys-crm-quartz_Worker-5] DEBUG c.c.c.s.m.E.selectInEffectUnConvertData ? - ==> Parameters: 1776542400023(Long), 1776542400023(Long)
2026-04-19 04:00:00,026 [cordys-crm-quartz_Worker-5] DEBUG c.c.c.s.m.E.selectInEffectUnConvertData ? - <==      Total: 0
2026-04-19 04:00:00,026 [cordys-crm-quartz_Worker-5] DEBUG c.c.q.c.ClusterQuartzFixedDelayJobBean 36 - The scheduled task ends normally：targetObject=notifyOnJob, targetMethod=onEvent
2026-04-19 04:00:00,026 [cordys-crm-quartz_Worker-5] DEBUG c.c.q.config.FixedDelayJobListener ? - Not a fixed delay job : DEFAULT.6da64b5bd2ee-b4a12474-66d4-42f0-817d-48eec9a05398
2026-04-19 05:15:00,026 [cordys-crm-quartz_Worker-6] DEBUG c.c.q.c.ClusterQuartzFixedDelayJobBean 32 - The scheduled task starts：targetObject=notifyOnJob, targetMethod=onEvent
2026-04-19 05:15:00,027 [cordys-crm-quartz_Worker-6] DEBUG c.c.c.s.m.E.selectInEffectUnConvertData ? - ==>  Preparing: SELECT * FROM sys_announcement WHERE end_time >= ? and start_time < ? and notice = false
2026-04-19 05:15:00,027 [cordys-crm-quartz_Worker-6] DEBUG c.c.c.s.m.E.selectInEffectUnConvertData ? - ==> Parameters: 1776546900027(Long), 1776546900027(Long)
2026-04-19 05:15:00,028 [cordys-crm-quartz_Worker-6] DEBUG c.c.c.s.m.E.selectInEffectUnConvertData ? - <==      Total: 0
2026-04-19 05:15:00,028 [cordys-crm-quartz_Worker-6] DEBUG c.c.q.c.ClusterQuartzFixedDelayJobBean ? - The scheduled task ends normally：targetObject=notifyOnJob, targetMethod=onEvent
2026-04-19 05:15:00,029 [cordys-crm-quartz_Worker-6] DEBUG c.c.q.config.FixedDelayJobListener 63 - Not a fixed delay job : DEFAULT.6da64b5bd2ee-b4a12474-66d4-42f0-817d-48eec9a05398
2026-04-19 05:30:00,126 [cordys-crm-quartz_Worker-7] DEBUG c.c.q.c.ClusterQuartzFixedDelayJobBean ? - The scheduled task starts：targetObject=notifyOnJob, targetMethod=onEvent
2026-04-19 05:30:00,127 [cordys-crm-quartz_Worker-7] DEBUG c.c.c.s.m.E.selectInEffectUnConvertData ? - ==>  Preparing: SELECT * FROM sys_announcement WHERE end_time >= ? and start_time < ? and notice = false
2026-04-19 05:30:00,127 [cordys-crm-quartz_Worker-7] DEBUG c.c.c.s.m.E.selectInEffectUnConvertData ? - ==> Parameters: 1776547800126(Long), 1776547800126(Long)
2026-04-19 05:30:00,128 [cordys-crm-quartz_Worker-7] DEBUG c.c.c.s.m.E.selectInEffectUnConvertData ? - <==      Total: 0
2026-04-19 05:30:00,129 [cordys-crm-quartz_Worker-7] DEBUG c.c.q.c.ClusterQuartzFixedDelayJobBean 36 - The scheduled task ends normally：targetObject=notifyOnJob, targetMethod=onEvent
2026-04-19 05:30:00,129 [cordys-crm-quartz_Worker-7] DEBUG c.c.q.config.FixedDelayJobListener ? - Not a fixed delay job : DEFAULT.6da64b5bd2ee-b4a12474-66d4-42f0-817d-48eec9a05398
2026-04-19 05:35:00,060 [cordys-crm-quartz_Worker-8] DEBUG c.c.q.c.ClusterQuartzFixedDelayJobBean ? - The scheduled task starts：targetObject=notifyOnJob, targetMethod=onEvent
2026-04-19 05:35:00,061 [cordys-crm-quartz_Worker-8] DEBUG c.c.c.s.m.E.selectInEffectUnConvertData ? - ==>  Preparing: SELECT * FROM sys_announcement WHERE end_time >= ? and start_time < ? and notice = false
2026-04-19 05:35:00,062 [cordys-crm-quartz_Worker-8] DEBUG c.c.c.s.m.E.selectInEffectUnConvertData ? - ==> Parameters: 1776548100060(Long), 1776548100060(Long)
2026-04-19 05:35:00,063 [cordys-crm-quartz_Worker-8] DEBUG c.c.c.s.m.E.selectInEffectUnConvertData ? - <==      Total: 0
2026-04-19 05:35:00,063 [cordys-crm-quartz_Worker-8] DEBUG c.c.q.c.ClusterQuartzFixedDelayJobBean 36 - The scheduled task ends normally：targetObject=notifyOnJob, targetMethod=onEvent
2026-04-19 05:35:00,063 [cordys-crm-quartz_Worker-8] DEBUG c.c.q.config.FixedDelayJobListener 63 - Not a fixed delay job : DEFAULT.6da64b5bd2ee-b4a12474-66d4-42f0-817d-48eec9a05398
2026-04-19 05:40:00,018 [cordys-crm-quartz_Worker-9] DEBUG c.c.q.c.ClusterQuartzFixedDelayJobBean ? - The scheduled task starts：targetObject=notifyOnJob, targetMethod=onEvent
2026-04-19 05:40:00,018 [cordys-crm-quartz_Worker-9] DEBUG c.c.c.s.m.E.selectInEffectUnConvertData ? - ==>  Preparing: SELECT * FROM sys_announcement WHERE end_time >= ? and start_time < ? and notice = false
2026-04-19 05:40:00,019 [cordys-crm-quartz_Worker-9] DEBUG c.c.c.s.m.E.selectInEffectUnConvertData ? - ==> Parameters: 1776548400018(Long), 1776548400018(Long)
2026-04-19 05:40:00,019 [cordys-crm-quartz_Worker-9] DEBUG c.c.c.s.m.E.selectInEffectUnConvertData ? - <==      Total: 0
2026-04-19 05:40:00,020 [cordys-crm-quartz_Worker-9] DEBUG c.c.q.c.ClusterQuartzFixedDelayJobBean ? - The scheduled task ends normally：targetObject=notifyOnJob, targetMethod=onEvent
2026-04-19 05:40:00,020 [cordys-crm-quartz_Worker-9] DEBUG c.c.q.config.FixedDelayJobListener ? - Not a fixed delay job : DEFAULT.6da64b5bd2ee-b4a12474-66d4-42f0-817d-48eec9a05398
2026-04-19 05:45:00,036 [cordys-crm-quartz_Worker-10] DEBUG c.c.q.c.ClusterQuartzFixedDelayJobBean 32 - The scheduled task starts：targetObject=notifyOnJob, targetMethod=onEvent
2026-04-19 05:45:00,037 [cordys-crm-quartz_Worker-10] DEBUG c.c.c.s.m.E.selectInEffectUnConvertData ? - ==>  Preparing: SELECT * FROM sys_announcement WHERE end_time >= ? and start_time < ? and notice = false
2026-04-19 05:45:00,037 [cordys-crm-quartz_Worker-10] DEBUG c.c.c.s.m.E.selectInEffectUnConvertData ? - ==> Parameters: 1776548700036(Long), 1776548700036(Long)
2026-04-19 05:45:00,038 [cordys-crm-quartz_Worker-10] DEBUG c.c.c.s.m.E.selectInEffectUnConvertData ? - <==      Total: 0
2026-04-19 05:45:00,038 [cordys-crm-quartz_Worker-10] DEBUG c.c.q.c.ClusterQuartzFixedDelayJobBean 36 - The scheduled task ends normally：targetObject=notifyOnJob, targetMethod=onEvent
2026-04-19 05:45:00,038 [cordys-crm-quartz_Worker-10] DEBUG c.c.q.config.FixedDelayJobListener ? - Not a fixed delay job : DEFAULT.6da64b5bd2ee-b4a12474-66d4-42f0-817d-48eec9a05398
2026-04-19 05:55:00,016 [cordys-crm-quartz_Worker-1] DEBUG c.c.q.c.ClusterQuartzFixedDelayJobBean 32 - The scheduled task starts：targetObject=notifyOnJob, targetMethod=onEvent
2026-04-19 05:55:00,016 [cordys-crm-quartz_Worker-1] DEBUG c.c.c.s.m.E.selectInEffectUnConvertData ? - ==>  Preparing: SELECT * FROM sys_announcement WHERE end_time >= ? and start_time < ? and notice = false
2026-04-19 05:55:00,017 [cordys-crm-quartz_Worker-1] DEBUG c.c.c.s.m.E.selectInEffectUnConvertData ? - ==> Parameters: 1776549300016(Long), 1776549300016(Long)
2026-04-19 05:55:00,018 [cordys-crm-quartz_Worker-1] DEBUG c.c.c.s.m.E.selectInEffectUnConvertData ? - <==      Total: 0
2026-04-19 05:55:00,018 [cordys-crm-quartz_Worker-1] DEBUG c.c.q.c.ClusterQuartzFixedDelayJobBean 36 - The scheduled task ends normally：targetObject=notifyOnJob, targetMethod=onEvent
2026-04-19 05:55:00,018 [cordys-crm-quartz_Worker-1] DEBUG c.c.q.config.FixedDelayJobListener ? - Not a fixed delay job : DEFAULT.6da64b5bd2ee-b4a12474-66d4-42f0-817d-48eec9a05398
2026-04-19 06:00:00,021 [cordys-crm-quartz_Worker-2] DEBUG c.c.q.c.ClusterQuartzFixedDelayJobBean 32 - The scheduled task starts：targetObject=notifyOnJob, targetMethod=onEvent
2026-04-19 06:00:00,022 [cordys-crm-quartz_Worker-2] DEBUG c.c.c.s.m.E.selectInEffectUnConvertData ? - ==>  Preparing: SELECT * FROM sys_announcement WHERE end_time >= ? and start_time < ? and notice = false
2026-04-19 06:00:00,022 [cordys-crm-quartz_Worker-2] DEBUG c.c.c.s.m.E.selectInEffectUnConvertData ? - ==> Parameters: 1776549600021(Long), 1776549600021(Long)
2026-04-19 06:00:00,024 [cordys-crm-quartz_Worker-2] DEBUG c.c.c.s.m.E.selectInEffectUnConvertData ? - <==      Total: 0
2026-04-19 06:00:00,024 [cordys-crm-quartz_Worker-2] DEBUG c.c.q.c.ClusterQuartzFixedDelayJobBean ? - The scheduled task ends normally：targetObject=notifyOnJob, targetMethod=onEvent
2026-04-19 06:00:00,024 [cordys-crm-quartz_Worker-2] DEBUG c.c.q.config.FixedDelayJobListener ? - Not a fixed delay job : DEFAULT.6da64b5bd2ee-b4a12474-66d4-42f0-817d-48eec9a05398
2026-04-19 06:10:00,035 [cordys-crm-quartz_Worker-3] DEBUG c.c.q.c.ClusterQuartzFixedDelayJobBean ? - The scheduled task starts：targetObject=notifyOnJob, targetMethod=onEvent
2026-04-19 06:10:00,037 [cordys-crm-quartz_Worker-3] DEBUG c.c.c.s.m.E.selectInEffectUnConvertData ? - ==>  Preparing: SELECT * FROM sys_announcement WHERE end_time >= ? and start_time < ? and notice = false
2026-04-19 06:10:00,037 [cordys-crm-quartz_Worker-3] DEBUG c.c.c.s.m.E.selectInEffectUnConvertData ? - ==> Parameters: 1776550200036(Long), 1776550200036(Long)
2026-04-19 06:10:00,038 [cordys-crm-quartz_Worker-3] DEBUG c.c.c.s.m.E.selectInEffectUnConvertData ? - <==      Total: 0
2026-04-19 06:10:00,039 [cordys-crm-quartz_Worker-3] DEBUG c.c.q.c.ClusterQuartzFixedDelayJobBean 36 - The scheduled task ends normally：targetObject=notifyOnJob, targetMethod=onEvent
2026-04-19 06:10:00,039 [cordys-crm-quartz_Worker-3] DEBUG c.c.q.config.FixedDelayJobListener 63 - Not a fixed delay job : DEFAULT.6da64b5bd2ee-b4a12474-66d4-42f0-817d-48eec9a05398
2026-04-19 06:15:00,070 [cordys-crm-quartz_Worker-4] DEBUG c.c.q.c.ClusterQuartzFixedDelayJobBean ? - The scheduled task starts：targetObject=notifyOnJob, targetMethod=onEvent
2026-04-19 06:15:00,071 [cordys-crm-quartz_Worker-4] DEBUG c.c.c.s.m.E.selectInEffectUnConvertData 135 - ==>  Preparing: SELECT * FROM sys_announcement WHERE end_time >= ? and start_time < ? and notice = false
2026-04-19 06:15:00,071 [cordys-crm-quartz_Worker-4] DEBUG c.c.c.s.m.E.selectInEffectUnConvertData ? - ==> Parameters: 1776550500070(Long), 1776550500070(Long)
2026-04-19 06:15:00,072 [cordys-crm-quartz_Worker-4] DEBUG c.c.c.s.m.E.selectInEffectUnConvertData 135 - <==      Total: 0
2026-04-19 06:15:00,073 [cordys-crm-quartz_Worker-4] DEBUG c.c.q.c.ClusterQuartzFixedDelayJobBean 36 - The scheduled task ends normally：targetObject=notifyOnJob, targetMethod=onEvent
2026-04-19 06:15:00,073 [cordys-crm-quartz_Worker-4] DEBUG c.c.q.config.FixedDelayJobListener 63 - Not a fixed delay job : DEFAULT.6da64b5bd2ee-b4a12474-66d4-42f0-817d-48eec9a05398
2026-04-19 06:25:00,036 [cordys-crm-quartz_Worker-5] DEBUG c.c.q.c.ClusterQuartzFixedDelayJobBean ? - The scheduled task starts：targetObject=notifyOnJob, targetMethod=onEvent
2026-04-19 06:25:00,038 [cordys-crm-quartz_Worker-5] DEBUG c.c.c.s.m.E.selectInEffectUnConvertData ? - ==>  Preparing: SELECT * FROM sys_announcement WHERE end_time >= ? and start_time < ? and notice = false
2026-04-19 06:25:00,038 [cordys-crm-quartz_Worker-5] DEBUG c.c.c.s.m.E.selectInEffectUnConvertData ? - ==> Parameters: 1776551100036(Long), 1776551100036(Long)
2026-04-19 06:25:00,039 [cordys-crm-quartz_Worker-5] DEBUG c.c.c.s.m.E.selectInEffectUnConvertData 135 - <==      Total: 0
2026-04-19 06:25:00,039 [cordys-crm-quartz_Worker-5] DEBUG c.c.q.c.ClusterQuartzFixedDelayJobBean 36 - The scheduled task ends normally：targetObject=notifyOnJob, targetMethod=onEvent
2026-04-19 06:25:00,040 [cordys-crm-quartz_Worker-5] DEBUG c.c.q.config.FixedDelayJobListener 63 - Not a fixed delay job : DEFAULT.6da64b5bd2ee-b4a12474-66d4-42f0-817d-48eec9a05398
2026-04-19 06:35:00,146 [cordys-crm-quartz_Worker-6] DEBUG c.c.q.c.ClusterQuartzFixedDelayJobBean ? - The scheduled task starts：targetObject=notifyOnJob, targetMethod=onEvent
2026-04-19 06:35:00,147 [cordys-crm-quartz_Worker-6] DEBUG c.c.c.s.m.E.selectInEffectUnConvertData ? - ==>  Preparing: SELECT * FROM sys_announcement WHERE end_time >= ? and start_time < ? and notice = false
2026-04-19 06:35:00,148 [cordys-crm-quartz_Worker-6] DEBUG c.c.c.s.m.E.selectInEffectUnConvertData ? - ==> Parameters: 1776551700147(Long), 1776551700147(Long)
2026-04-19 06:35:00,148 [cordys-crm-quartz_Worker-6] DEBUG c.c.c.s.m.E.selectInEffectUnConvertData ? - <==      Total: 0
2026-04-19 06:35:00,148 [cordys-crm-quartz_Worker-6] DEBUG c.c.q.c.ClusterQuartzFixedDelayJobBean ? - The scheduled task ends normally：targetObject=notifyOnJob, targetMethod=onEvent
2026-04-19 06:35:00,149 [cordys-crm-quartz_Worker-6] DEBUG c.c.q.config.FixedDelayJobListener 63 - Not a fixed delay job : DEFAULT.6da64b5bd2ee-b4a12474-66d4-42f0-817d-48eec9a05398
2026-04-19 07:05:00,014 [cordys-crm-quartz_Worker-7] DEBUG c.c.q.c.ClusterQuartzFixedDelayJobBean ? - The scheduled task starts：targetObject=notifyOnJob, targetMethod=onEvent
2026-04-19 07:05:00,015 [cordys-crm-quartz_Worker-7] DEBUG c.c.c.s.m.E.selectInEffectUnConvertData ? - ==>  Preparing: SELECT * FROM sys_announcement WHERE end_time >= ? and start_time < ? and notice = false
2026-04-19 07:05:00,015 [cordys-crm-quartz_Worker-7] DEBUG c.c.c.s.m.E.selectInEffectUnConvertData ? - ==> Parameters: 1776553500014(Long), 1776553500014(Long)
2026-04-19 07:05:00,016 [cordys-crm-quartz_Worker-7] DEBUG c.c.c.s.m.E.selectInEffectUnConvertData ? - <==      Total: 0
2026-04-19 07:05:00,016 [cordys-crm-quartz_Worker-7] DEBUG c.c.q.c.ClusterQuartzFixedDelayJobBean ? - The scheduled task ends normally：targetObject=notifyOnJob, targetMethod=onEvent
2026-04-19 07:05:00,016 [cordys-crm-quartz_Worker-7] DEBUG c.c.q.config.FixedDelayJobListener ? - Not a fixed delay job : DEFAULT.6da64b5bd2ee-b4a12474-66d4-42f0-817d-48eec9a05398
2026-04-19 07:10:00,027 [cordys-crm-quartz_Worker-8] DEBUG c.c.q.c.ClusterQuartzFixedDelayJobBean 32 - The scheduled task starts：targetObject=notifyOnJob, targetMethod=onEvent
2026-04-19 07:10:00,029 [cordys-crm-quartz_Worker-8] DEBUG c.c.c.s.m.E.selectInEffectUnConvertData 135 - ==>  Preparing: SELECT * FROM sys_announcement WHERE end_time >= ? and start_time < ? and notice = false
2026-04-19 07:10:00,029 [cordys-crm-quartz_Worker-8] DEBUG c.c.c.s.m.E.selectInEffectUnConvertData ? - ==> Parameters: 1776553800028(Long), 1776553800028(Long)
2026-04-19 07:10:00,030 [cordys-crm-quartz_Worker-8] DEBUG c.c.c.s.m.E.selectInEffectUnConvertData ? - <==      Total: 0
2026-04-19 07:10:00,030 [cordys-crm-quartz_Worker-8] DEBUG c.c.q.c.ClusterQuartzFixedDelayJobBean ? - The scheduled task ends normally：targetObject=notifyOnJob, targetMethod=onEvent
2026-04-19 07:10:00,030 [cordys-crm-quartz_Worker-8] DEBUG c.c.q.config.FixedDelayJobListener 63 - Not a fixed delay job : DEFAULT.6da64b5bd2ee-b4a12474-66d4-42f0-817d-48eec9a05398
2026-04-19 07:15:00,017 [cordys-crm-quartz_Worker-9] DEBUG c.c.q.c.ClusterQuartzFixedDelayJobBean ? - The scheduled task starts：targetObject=notifyOnJob, targetMethod=onEvent
2026-04-19 07:15:00,017 [cordys-crm-quartz_Worker-9] DEBUG c.c.c.s.m.E.selectInEffectUnConvertData 135 - ==>  Preparing: SELECT * FROM sys_announcement WHERE end_time >= ? and start_time < ? and notice = false
2026-04-19 07:15:00,018 [cordys-crm-quartz_Worker-9] DEBUG c.c.c.s.m.E.selectInEffectUnConvertData 135 - ==> Parameters: 1776554100017(Long), 1776554100017(Long)
2026-04-19 07:15:00,019 [cordys-crm-quartz_Worker-9] DEBUG c.c.c.s.m.E.selectInEffectUnConvertData 135 - <==      Total: 0
2026-04-19 07:15:00,019 [cordys-crm-quartz_Worker-9] DEBUG c.c.q.c.ClusterQuartzFixedDelayJobBean 36 - The scheduled task ends normally：targetObject=notifyOnJob, targetMethod=onEvent
2026-04-19 07:15:00,019 [cordys-crm-quartz_Worker-9] DEBUG c.c.q.config.FixedDelayJobListener 63 - Not a fixed delay job : DEFAULT.6da64b5bd2ee-b4a12474-66d4-42f0-817d-48eec9a05398
2026-04-19 07:45:00,015 [cordys-crm-quartz_Worker-10] DEBUG c.c.q.c.ClusterQuartzFixedDelayJobBean 32 - The scheduled task starts：targetObject=notifyOnJob, targetMethod=onEvent
2026-04-19 07:45:00,016 [cordys-crm-quartz_Worker-10] DEBUG c.c.c.s.m.E.selectInEffectUnConvertData ? - ==>  Preparing: SELECT * FROM sys_announcement WHERE end_time >= ? and start_time < ? and notice = false
2026-04-19 07:45:00,017 [cordys-crm-quartz_Worker-10] DEBUG c.c.c.s.m.E.selectInEffectUnConvertData 135 - ==> Parameters: 1776555900015(Long), 1776555900015(Long)
2026-04-19 07:45:00,017 [cordys-crm-quartz_Worker-10] DEBUG c.c.c.s.m.E.selectInEffectUnConvertData 135 - <==      Total: 0
2026-04-19 07:45:00,018 [cordys-crm-quartz_Worker-10] DEBUG c.c.q.c.ClusterQuartzFixedDelayJobBean ? - The scheduled task ends normally：targetObject=notifyOnJob, targetMethod=onEvent
2026-04-19 07:45:00,018 [cordys-crm-quartz_Worker-10] DEBUG c.c.q.config.FixedDelayJobListener ? - Not a fixed delay job : DEFAULT.6da64b5bd2ee-b4a12474-66d4-42f0-817d-48eec9a05398
2026-04-19 08:00:00,022 [cordys-crm-quartz_Worker-1] DEBUG c.c.q.c.ClusterQuartzFixedDelayJobBean ? - The scheduled task starts：targetObject=notifyOnJob, targetMethod=onEvent
2026-04-19 08:00:00,023 [cordys-crm-quartz_Worker-1] DEBUG c.c.c.s.m.E.selectInEffectUnConvertData ? - ==>  Preparing: SELECT * FROM sys_announcement WHERE end_time >= ? and start_time < ? and notice = false
2026-04-19 08:00:00,023 [cordys-crm-quartz_Worker-1] DEBUG c.c.c.s.m.E.selectInEffectUnConvertData ? - ==> Parameters: 1776556800022(Long), 1776556800022(Long)
2026-04-19 08:00:00,024 [cordys-crm-quartz_Worker-1] DEBUG c.c.c.s.m.E.selectInEffectUnConvertData ? - <==      Total: 0
2026-04-19 08:00:00,024 [cordys-crm-quartz_Worker-1] DEBUG c.c.q.c.ClusterQuartzFixedDelayJobBean ? - The scheduled task ends normally：targetObject=notifyOnJob, targetMethod=onEvent
2026-04-19 08:00:00,025 [cordys-crm-quartz_Worker-1] DEBUG c.c.q.config.FixedDelayJobListener ? - Not a fixed delay job : DEFAULT.6da64b5bd2ee-b4a12474-66d4-42f0-817d-48eec9a05398
2026-04-19 08:15:00,023 [cordys-crm-quartz_Worker-2] DEBUG c.c.q.c.ClusterQuartzFixedDelayJobBean 32 - The scheduled task starts：targetObject=notifyOnJob, targetMethod=onEvent
2026-04-19 08:15:00,024 [cordys-crm-quartz_Worker-2] DEBUG c.c.c.s.m.E.selectInEffectUnConvertData ? - ==>  Preparing: SELECT * FROM sys_announcement WHERE end_time >= ? and start_time < ? and notice = false
2026-04-19 08:15:00,024 [cordys-crm-quartz_Worker-2] DEBUG c.c.c.s.m.E.selectInEffectUnConvertData 135 - ==> Parameters: 1776557700023(Long), 1776557700023(Long)
2026-04-19 08:15:00,025 [cordys-crm-quartz_Worker-2] DEBUG c.c.c.s.m.E.selectInEffectUnConvertData ? - <==      Total: 0
2026-04-19 08:15:00,025 [cordys-crm-quartz_Worker-2] DEBUG c.c.q.c.ClusterQuartzFixedDelayJobBean 36 - The scheduled task ends normally：targetObject=notifyOnJob, targetMethod=onEvent
2026-04-19 08:15:00,025 [cordys-crm-quartz_Worker-2] DEBUG c.c.q.config.FixedDelayJobListener 63 - Not a fixed delay job : DEFAULT.6da64b5bd2ee-b4a12474-66d4-42f0-817d-48eec9a05398
2026-04-19 08:40:00,017 [cordys-crm-quartz_Worker-3] DEBUG c.c.q.c.ClusterQuartzFixedDelayJobBean 32 - The scheduled task starts：targetObject=notifyOnJob, targetMethod=onEvent
2026-04-19 08:40:00,018 [cordys-crm-quartz_Worker-3] DEBUG c.c.c.s.m.E.selectInEffectUnConvertData ? - ==>  Preparing: SELECT * FROM sys_announcement WHERE end_time >= ? and start_time < ? and notice = false
2026-04-19 08:40:00,018 [cordys-crm-quartz_Worker-3] DEBUG c.c.c.s.m.E.selectInEffectUnConvertData ? - ==> Parameters: 1776559200018(Long), 1776559200018(Long)
2026-04-19 08:40:00,019 [cordys-crm-quartz_Worker-3] DEBUG c.c.c.s.m.E.selectInEffectUnConvertData ? - <==      Total: 0
2026-04-19 08:40:00,019 [cordys-crm-quartz_Worker-3] DEBUG c.c.q.c.ClusterQuartzFixedDelayJobBean ? - The scheduled task ends normally：targetObject=notifyOnJob, targetMethod=onEvent
2026-04-19 08:40:00,020 [cordys-crm-quartz_Worker-3] DEBUG c.c.q.config.FixedDelayJobListener ? - Not a fixed delay job : DEFAULT.6da64b5bd2ee-b4a12474-66d4-42f0-817d-48eec9a05398
2026-04-19 09:00:00,017 [cordys-crm-quartz_Worker-4] DEBUG c.c.q.c.ClusterQuartzFixedDelayJobBean 32 - The scheduled task starts：targetObject=notifyOnJob, targetMethod=onEvent
2026-04-19 09:00:00,018 [cordys-crm-quartz_Worker-4] DEBUG c.c.c.s.m.E.selectInEffectUnConvertData 135 - ==>  Preparing: SELECT * FROM sys_announcement WHERE end_time >= ? and start_time < ? and notice = false
2026-04-19 09:00:00,018 [cordys-crm-quartz_Worker-4] DEBUG c.c.c.s.m.E.selectInEffectUnConvertData ? - ==> Parameters: 1776560400017(Long), 1776560400017(Long)
2026-04-19 09:00:00,020 [cordys-crm-quartz_Worker-4] DEBUG c.c.c.s.m.E.selectInEffectUnConvertData ? - <==      Total: 0
2026-04-19 09:00:00,021 [cordys-crm-quartz_Worker-4] DEBUG c.c.q.c.ClusterQuartzFixedDelayJobBean 36 - The scheduled task ends normally：targetObject=notifyOnJob, targetMethod=onEvent
2026-04-19 09:00:00,021 [cordys-crm-quartz_Worker-4] DEBUG c.c.q.config.FixedDelayJobListener 63 - Not a fixed delay job : DEFAULT.6da64b5bd2ee-b4a12474-66d4-42f0-817d-48eec9a05398
2026-04-19 09:50:00,023 [cordys-crm-quartz_Worker-5] DEBUG c.c.q.c.ClusterQuartzFixedDelayJobBean ? - The scheduled task starts：targetObject=notifyOnJob, targetMethod=onEvent
2026-04-19 09:50:00,024 [cordys-crm-quartz_Worker-5] DEBUG c.c.c.s.m.E.selectInEffectUnConvertData ? - ==>  Preparing: SELECT * FROM sys_announcement WHERE end_time >= ? and start_time < ? and notice = false
2026-04-19 09:50:00,024 [cordys-crm-quartz_Worker-5] DEBUG c.c.c.s.m.E.selectInEffectUnConvertData ? - ==> Parameters: 1776563400023(Long), 1776563400023(Long)
2026-04-19 09:50:00,025 [cordys-crm-quartz_Worker-5] DEBUG c.c.c.s.m.E.selectInEffectUnConvertData 135 - <==      Total: 0
2026-04-19 09:50:00,025 [cordys-crm-quartz_Worker-5] DEBUG c.c.q.c.ClusterQuartzFixedDelayJobBean 36 - The scheduled task ends normally：targetObject=notifyOnJob, targetMethod=onEvent
2026-04-19 09:50:00,025 [cordys-crm-quartz_Worker-5] DEBUG c.c.q.config.FixedDelayJobListener 63 - Not a fixed delay job : DEFAULT.6da64b5bd2ee-b4a12474-66d4-42f0-817d-48eec9a05398
2026-04-19 09:55:00,016 [cordys-crm-quartz_Worker-6] DEBUG c.c.q.c.ClusterQuartzFixedDelayJobBean ? - The scheduled task starts：targetObject=notifyOnJob, targetMethod=onEvent
2026-04-19 09:55:00,017 [cordys-crm-quartz_Worker-6] DEBUG c.c.c.s.m.E.selectInEffectUnConvertData ? - ==>  Preparing: SELECT * FROM sys_announcement WHERE end_time >= ? and start_time < ? and notice = false
2026-04-19 09:55:00,017 [cordys-crm-quartz_Worker-6] DEBUG c.c.c.s.m.E.selectInEffectUnConvertData 135 - ==> Parameters: 1776563700016(Long), 1776563700016(Long)
2026-04-19 09:55:00,018 [cordys-crm-quartz_Worker-6] DEBUG c.c.c.s.m.E.selectInEffectUnConvertData ? - <==      Total: 0
2026-04-19 09:55:00,018 [cordys-crm-quartz_Worker-6] DEBUG c.c.q.c.ClusterQuartzFixedDelayJobBean 36 - The scheduled task ends normally：targetObject=notifyOnJob, targetMethod=onEvent
2026-04-19 09:55:00,018 [cordys-crm-quartz_Worker-6] DEBUG c.c.q.config.FixedDelayJobListener 63 - Not a fixed delay job : DEFAULT.6da64b5bd2ee-b4a12474-66d4-42f0-817d-48eec9a05398
2026-04-19 10:05:00,015 [cordys-crm-quartz_Worker-7] DEBUG c.c.q.c.ClusterQuartzFixedDelayJobBean 32 - The scheduled task starts：targetObject=notifyOnJob, targetMethod=onEvent
2026-04-19 10:05:00,016 [cordys-crm-quartz_Worker-7] DEBUG c.c.c.s.m.E.selectInEffectUnConvertData ? - ==>  Preparing: SELECT * FROM sys_announcement WHERE end_time >= ? and start_time < ? and notice = false
2026-04-19 10:05:00,016 [cordys-crm-quartz_Worker-7] DEBUG c.c.c.s.m.E.selectInEffectUnConvertData 135 - ==> Parameters: 1776564300015(Long), 1776564300015(Long)
2026-04-19 10:05:00,017 [cordys-crm-quartz_Worker-7] DEBUG c.c.c.s.m.E.selectInEffectUnConvertData 135 - <==      Total: 0
2026-04-19 10:05:00,017 [cordys-crm-quartz_Worker-7] DEBUG c.c.q.c.ClusterQuartzFixedDelayJobBean 36 - The scheduled task ends normally：targetObject=notifyOnJob, targetMethod=onEvent
2026-04-19 10:05:00,017 [cordys-crm-quartz_Worker-7] DEBUG c.c.q.config.FixedDelayJobListener 63 - Not a fixed delay job : DEFAULT.6da64b5bd2ee-b4a12474-66d4-42f0-817d-48eec9a05398
2026-04-19 10:10:00,018 [cordys-crm-quartz_Worker-8] DEBUG c.c.q.c.ClusterQuartzFixedDelayJobBean 32 - The scheduled task starts：targetObject=notifyOnJob, targetMethod=onEvent
2026-04-19 10:10:00,019 [cordys-crm-quartz_Worker-8] DEBUG c.c.c.s.m.E.selectInEffectUnConvertData 135 - ==>  Preparing: SELECT * FROM sys_announcement WHERE end_time >= ? and start_time < ? and notice = false
2026-04-19 10:10:00,019 [cordys-crm-quartz_Worker-8] DEBUG c.c.c.s.m.E.selectInEffectUnConvertData 135 - ==> Parameters: 1776564600018(Long), 1776564600018(Long)
2026-04-19 10:10:00,020 [cordys-crm-quartz_Worker-8] DEBUG c.c.c.s.m.E.selectInEffectUnConvertData ? - <==      Total: 0
2026-04-19 10:10:00,020 [cordys-crm-quartz_Worker-8] DEBUG c.c.q.c.ClusterQuartzFixedDelayJobBean 36 - The scheduled task ends normally：targetObject=notifyOnJob, targetMethod=onEvent
2026-04-19 10:10:00,020 [cordys-crm-quartz_Worker-8] DEBUG c.c.q.config.FixedDelayJobListener 63 - Not a fixed delay job : DEFAULT.6da64b5bd2ee-b4a12474-66d4-42f0-817d-48eec9a05398
2026-04-19 10:15:00,026 [cordys-crm-quartz_Worker-9] DEBUG c.c.q.c.ClusterQuartzFixedDelayJobBean ? - The scheduled task starts：targetObject=notifyOnJob, targetMethod=onEvent
2026-04-19 10:15:00,027 [cordys-crm-quartz_Worker-9] DEBUG c.c.c.s.m.E.selectInEffectUnConvertData ? - ==>  Preparing: SELECT * FROM sys_announcement WHERE end_time >= ? and start_time < ? and notice = false
2026-04-19 10:15:00,028 [cordys-crm-quartz_Worker-9] DEBUG c.c.c.s.m.E.selectInEffectUnConvertData ? - ==> Parameters: 1776564900027(Long), 1776564900027(Long)
2026-04-19 10:15:00,029 [cordys-crm-quartz_Worker-9] DEBUG c.c.c.s.m.E.selectInEffectUnConvertData 135 - <==      Total: 0
2026-04-19 10:15:00,029 [cordys-crm-quartz_Worker-9] DEBUG c.c.q.c.ClusterQuartzFixedDelayJobBean 36 - The scheduled task ends normally：targetObject=notifyOnJob, targetMethod=onEvent
2026-04-19 10:15:00,029 [cordys-crm-quartz_Worker-9] DEBUG c.c.q.config.FixedDelayJobListener 63 - Not a fixed delay job : DEFAULT.6da64b5bd2ee-b4a12474-66d4-42f0-817d-48eec9a05398
2026-04-19 10:20:00,014 [cordys-crm-quartz_Worker-10] DEBUG c.c.q.c.ClusterQuartzFixedDelayJobBean ? - The scheduled task starts：targetObject=notifyOnJob, targetMethod=onEvent
2026-04-19 10:20:00,016 [cordys-crm-quartz_Worker-10] DEBUG c.c.c.s.m.E.selectInEffectUnConvertData ? - ==>  Preparing: SELECT * FROM sys_announcement WHERE end_time >= ? and start_time < ? and notice = false
2026-04-19 10:20:00,016 [cordys-crm-quartz_Worker-10] DEBUG c.c.c.s.m.E.selectInEffectUnConvertData ? - ==> Parameters: 1776565200015(Long), 1776565200015(Long)
2026-04-19 10:20:00,017 [cordys-crm-quartz_Worker-10] DEBUG c.c.c.s.m.E.selectInEffectUnConvertData ? - <==      Total: 0
2026-04-19 10:20:00,017 [cordys-crm-quartz_Worker-10] DEBUG c.c.q.c.ClusterQuartzFixedDelayJobBean ? - The scheduled task ends normally：targetObject=notifyOnJob, targetMethod=onEvent
2026-04-19 10:20:00,017 [cordys-crm-quartz_Worker-10] DEBUG c.c.q.config.FixedDelayJobListener ? - Not a fixed delay job : DEFAULT.6da64b5bd2ee-b4a12474-66d4-42f0-817d-48eec9a05398
2026-04-19 10:30:00,020 [cordys-crm-quartz_Worker-1] DEBUG c.c.q.c.ClusterQuartzFixedDelayJobBean 32 - The scheduled task starts：targetObject=notifyOnJob, targetMethod=onEvent
2026-04-19 10:30:00,021 [cordys-crm-quartz_Worker-1] DEBUG c.c.c.s.m.E.selectInEffectUnConvertData 135 - ==>  Preparing: SELECT * FROM sys_announcement WHERE end_time >= ? and start_time < ? and notice = false
2026-04-19 10:30:00,021 [cordys-crm-quartz_Worker-1] DEBUG c.c.c.s.m.E.selectInEffectUnConvertData 135 - ==> Parameters: 1776565800020(Long), 1776565800020(Long)
2026-04-19 10:30:00,022 [cordys-crm-quartz_Worker-1] DEBUG c.c.c.s.m.E.selectInEffectUnConvertData 135 - <==      Total: 0
2026-04-19 10:30:00,022 [cordys-crm-quartz_Worker-1] DEBUG c.c.q.c.ClusterQuartzFixedDelayJobBean 36 - The scheduled task ends normally：targetObject=notifyOnJob, targetMethod=onEvent
2026-04-19 10:30:00,022 [cordys-crm-quartz_Worker-1] DEBUG c.c.q.config.FixedDelayJobListener 63 - Not a fixed delay job : DEFAULT.6da64b5bd2ee-b4a12474-66d4-42f0-817d-48eec9a05398
2026-04-19 10:35:00,018 [cordys-crm-quartz_Worker-2] DEBUG c.c.q.c.ClusterQuartzFixedDelayJobBean 32 - The scheduled task starts：targetObject=notifyOnJob, targetMethod=onEvent
2026-04-19 10:35:00,019 [cordys-crm-quartz_Worker-2] DEBUG c.c.c.s.m.E.selectInEffectUnConvertData ? - ==>  Preparing: SELECT * FROM sys_announcement WHERE end_time >= ? and start_time < ? and notice = false
2026-04-19 10:35:00,020 [cordys-crm-quartz_Worker-2] DEBUG c.c.c.s.m.E.selectInEffectUnConvertData ? - ==> Parameters: 1776566100018(Long), 1776566100018(Long)
2026-04-19 10:35:00,021 [cordys-crm-quartz_Worker-2] DEBUG c.c.c.s.m.E.selectInEffectUnConvertData ? - <==      Total: 0
2026-04-19 10:35:00,021 [cordys-crm-quartz_Worker-2] DEBUG c.c.q.c.ClusterQuartzFixedDelayJobBean 36 - The scheduled task ends normally：targetObject=notifyOnJob, targetMethod=onEvent
2026-04-19 10:35:00,021 [cordys-crm-quartz_Worker-2] DEBUG c.c.q.config.FixedDelayJobListener ? - Not a fixed delay job : DEFAULT.6da64b5bd2ee-b4a12474-66d4-42f0-817d-48eec9a05398
2026-04-19 10:40:00,016 [cordys-crm-quartz_Worker-3] DEBUG c.c.q.c.ClusterQuartzFixedDelayJobBean ? - The scheduled task starts：targetObject=notifyOnJob, targetMethod=onEvent
2026-04-19 10:40:00,017 [cordys-crm-quartz_Worker-3] DEBUG c.c.c.s.m.E.selectInEffectUnConvertData ? - ==>  Preparing: SELECT * FROM sys_announcement WHERE end_time >= ? and start_time < ? and notice = false
2026-04-19 10:40:00,017 [cordys-crm-quartz_Worker-3] DEBUG c.c.c.s.m.E.selectInEffectUnConvertData 135 - ==> Parameters: 1776566400016(Long), 1776566400016(Long)
2026-04-19 10:40:00,018 [cordys-crm-quartz_Worker-3] DEBUG c.c.c.s.m.E.selectInEffectUnConvertData ? - <==      Total: 0
2026-04-19 10:40:00,018 [cordys-crm-quartz_Worker-3] DEBUG c.c.q.c.ClusterQuartzFixedDelayJobBean 36 - The scheduled task ends normally：targetObject=notifyOnJob, targetMethod=onEvent
2026-04-19 10:40:00,018 [cordys-crm-quartz_Worker-3] DEBUG c.c.q.config.FixedDelayJobListener 63 - Not a fixed delay job : DEFAULT.6da64b5bd2ee-b4a12474-66d4-42f0-817d-48eec9a05398
2026-04-19 10:55:00,087 [cordys-crm-quartz_Worker-4] DEBUG c.c.q.c.ClusterQuartzFixedDelayJobBean 32 - The scheduled task starts：targetObject=notifyOnJob, targetMethod=onEvent
2026-04-19 10:55:00,089 [cordys-crm-quartz_Worker-4] DEBUG c.c.c.s.m.E.selectInEffectUnConvertData ? - ==>  Preparing: SELECT * FROM sys_announcement WHERE end_time >= ? and start_time < ? and notice = false
2026-04-19 10:55:00,089 [cordys-crm-quartz_Worker-4] DEBUG c.c.c.s.m.E.selectInEffectUnConvertData ? - ==> Parameters: 1776567300088(Long), 1776567300088(Long)
2026-04-19 10:55:00,090 [cordys-crm-quartz_Worker-4] DEBUG c.c.c.s.m.E.selectInEffectUnConvertData ? - <==      Total: 0
2026-04-19 10:55:00,090 [cordys-crm-quartz_Worker-4] DEBUG c.c.q.c.ClusterQuartzFixedDelayJobBean 36 - The scheduled task ends normally：targetObject=notifyOnJob, targetMethod=onEvent
2026-04-19 10:55:00,090 [cordys-crm-quartz_Worker-4] DEBUG c.c.q.config.FixedDelayJobListener 63 - Not a fixed delay job : DEFAULT.6da64b5bd2ee-b4a12474-66d4-42f0-817d-48eec9a05398
2026-04-19 11:10:00,025 [cordys-crm-quartz_Worker-5] DEBUG c.c.q.c.ClusterQuartzFixedDelayJobBean 32 - The scheduled task starts：targetObject=notifyOnJob, targetMethod=onEvent
2026-04-19 11:10:00,026 [cordys-crm-quartz_Worker-5] DEBUG c.c.c.s.m.E.selectInEffectUnConvertData ? - ==>  Preparing: SELECT * FROM sys_announcement WHERE end_time >= ? and start_time < ? and notice = false
2026-04-19 11:10:00,027 [cordys-crm-quartz_Worker-5] DEBUG c.c.c.s.m.E.selectInEffectUnConvertData ? - ==> Parameters: 1776568200026(Long), 1776568200026(Long)
2026-04-19 11:10:00,028 [cordys-crm-quartz_Worker-5] DEBUG c.c.c.s.m.E.selectInEffectUnConvertData ? - <==      Total: 0
2026-04-19 11:10:00,029 [cordys-crm-quartz_Worker-5] DEBUG c.c.q.c.ClusterQuartzFixedDelayJobBean ? - The scheduled task ends normally：targetObject=notifyOnJob, targetMethod=onEvent
2026-04-19 11:10:00,029 [cordys-crm-quartz_Worker-5] DEBUG c.c.q.config.FixedDelayJobListener ? - Not a fixed delay job : DEFAULT.6da64b5bd2ee-b4a12474-66d4-42f0-817d-48eec9a05398
2026-04-19 11:40:00,016 [cordys-crm-quartz_Worker-6] DEBUG c.c.q.c.ClusterQuartzFixedDelayJobBean 32 - The scheduled task starts：targetObject=notifyOnJob, targetMethod=onEvent
2026-04-19 11:40:00,017 [cordys-crm-quartz_Worker-6] DEBUG c.c.c.s.m.E.selectInEffectUnConvertData ? - ==>  Preparing: SELECT * FROM sys_announcement WHERE end_time >= ? and start_time < ? and notice = false
2026-04-19 11:40:00,017 [cordys-crm-quartz_Worker-6] DEBUG c.c.c.s.m.E.selectInEffectUnConvertData ? - ==> Parameters: 1776570000016(Long), 1776570000016(Long)
2026-04-19 11:40:00,018 [cordys-crm-quartz_Worker-6] DEBUG c.c.c.s.m.E.selectInEffectUnConvertData ? - <==      Total: 0
2026-04-19 11:40:00,019 [cordys-crm-quartz_Worker-6] DEBUG c.c.q.c.ClusterQuartzFixedDelayJobBean 36 - The scheduled task ends normally：targetObject=notifyOnJob, targetMethod=onEvent
2026-04-19 11:40:00,019 [cordys-crm-quartz_Worker-6] DEBUG c.c.q.config.FixedDelayJobListener 63 - Not a fixed delay job : DEFAULT.6da64b5bd2ee-b4a12474-66d4-42f0-817d-48eec9a05398
2026-04-19 11:50:00,018 [cordys-crm-quartz_Worker-7] DEBUG c.c.q.c.ClusterQuartzFixedDelayJobBean 32 - The scheduled task starts：targetObject=notifyOnJob, targetMethod=onEvent
2026-04-19 11:50:00,019 [cordys-crm-quartz_Worker-7] DEBUG c.c.c.s.m.E.selectInEffectUnConvertData ? - ==>  Preparing: SELECT * FROM sys_announcement WHERE end_time >= ? and start_time < ? and notice = false
2026-04-19 11:50:00,019 [cordys-crm-quartz_Worker-7] DEBUG c.c.c.s.m.E.selectInEffectUnConvertData ? - ==> Parameters: 1776570600018(Long), 1776570600018(Long)
2026-04-19 11:50:00,020 [cordys-crm-quartz_Worker-7] DEBUG c.c.c.s.m.E.selectInEffectUnConvertData 135 - <==      Total: 0
2026-04-19 11:50:00,020 [cordys-crm-quartz_Worker-7] DEBUG c.c.q.c.ClusterQuartzFixedDelayJobBean 36 - The scheduled task ends normally：targetObject=notifyOnJob, targetMethod=onEvent
2026-04-19 11:50:00,020 [cordys-crm-quartz_Worker-7] DEBUG c.c.q.config.FixedDelayJobListener ? - Not a fixed delay job : DEFAULT.6da64b5bd2ee-b4a12474-66d4-42f0-817d-48eec9a05398
2026-04-19 12:05:00,033 [cordys-crm-quartz_Worker-8] DEBUG c.c.q.c.ClusterQuartzFixedDelayJobBean ? - The scheduled task starts：targetObject=notifyOnJob, targetMethod=onEvent
2026-04-19 12:05:00,033 [cordys-crm-quartz_Worker-8] DEBUG c.c.c.s.m.E.selectInEffectUnConvertData ? - ==>  Preparing: SELECT * FROM sys_announcement WHERE end_time >= ? and start_time < ? and notice = false
2026-04-19 12:05:00,033 [cordys-crm-quartz_Worker-8] DEBUG c.c.c.s.m.E.selectInEffectUnConvertData ? - ==> Parameters: 1776571500033(Long), 1776571500033(Long)
2026-04-19 12:05:00,034 [cordys-crm-quartz_Worker-8] DEBUG c.c.c.s.m.E.selectInEffectUnConvertData ? - <==      Total: 0
2026-04-19 12:05:00,035 [cordys-crm-quartz_Worker-8] DEBUG c.c.q.c.ClusterQuartzFixedDelayJobBean ? - The scheduled task ends normally：targetObject=notifyOnJob, targetMethod=onEvent
2026-04-19 12:05:00,035 [cordys-crm-quartz_Worker-8] DEBUG c.c.q.config.FixedDelayJobListener ? - Not a fixed delay job : DEFAULT.6da64b5bd2ee-b4a12474-66d4-42f0-817d-48eec9a05398
2026-04-19 12:55:00,059 [cordys-crm-quartz_Worker-9] DEBUG c.c.q.c.ClusterQuartzFixedDelayJobBean ? - The scheduled task starts：targetObject=notifyOnJob, targetMethod=onEvent
2026-04-19 12:55:00,060 [cordys-crm-quartz_Worker-9] DEBUG c.c.c.s.m.E.selectInEffectUnConvertData ? - ==>  Preparing: SELECT * FROM sys_announcement WHERE end_time >= ? and start_time < ? and notice = false
2026-04-19 12:55:00,061 [cordys-crm-quartz_Worker-9] DEBUG c.c.c.s.m.E.selectInEffectUnConvertData ? - ==> Parameters: 1776574500059(Long), 1776574500059(Long)
2026-04-19 12:55:00,062 [cordys-crm-quartz_Worker-9] DEBUG c.c.c.s.m.E.selectInEffectUnConvertData ? - <==      Total: 0
2026-04-19 12:55:00,062 [cordys-crm-quartz_Worker-9] DEBUG c.c.q.c.ClusterQuartzFixedDelayJobBean ? - The scheduled task ends normally：targetObject=notifyOnJob, targetMethod=onEvent
2026-04-19 12:55:00,062 [cordys-crm-quartz_Worker-9] DEBUG c.c.q.config.FixedDelayJobListener ? - Not a fixed delay job : DEFAULT.6da64b5bd2ee-b4a12474-66d4-42f0-817d-48eec9a05398
2026-04-19 13:10:00,023 [cordys-crm-quartz_Worker-10] DEBUG c.c.q.c.ClusterQuartzFixedDelayJobBean ? - The scheduled task starts：targetObject=notifyOnJob, targetMethod=onEvent
2026-04-19 13:10:00,023 [cordys-crm-quartz_Worker-10] DEBUG c.c.c.s.m.E.selectInEffectUnConvertData ? - ==>  Preparing: SELECT * FROM sys_announcement WHERE end_time >= ? and start_time < ? and notice = false
2026-04-19 13:10:00,024 [cordys-crm-quartz_Worker-10] DEBUG c.c.c.s.m.E.selectInEffectUnConvertData ? - ==> Parameters: 1776575400023(Long), 1776575400023(Long)
2026-04-19 13:10:00,025 [cordys-crm-quartz_Worker-10] DEBUG c.c.c.s.m.E.selectInEffectUnConvertData ? - <==      Total: 0
2026-04-19 13:10:00,025 [cordys-crm-quartz_Worker-10] DEBUG c.c.q.c.ClusterQuartzFixedDelayJobBean 36 - The scheduled task ends normally：targetObject=notifyOnJob, targetMethod=onEvent
2026-04-19 13:10:00,025 [cordys-crm-quartz_Worker-10] DEBUG c.c.q.config.FixedDelayJobListener ? - Not a fixed delay job : DEFAULT.6da64b5bd2ee-b4a12474-66d4-42f0-817d-48eec9a05398
2026-04-19 13:15:00,031 [cordys-crm-quartz_Worker-1] DEBUG c.c.q.c.ClusterQuartzFixedDelayJobBean ? - The scheduled task starts：targetObject=notifyOnJob, targetMethod=onEvent
2026-04-19 13:15:00,031 [cordys-crm-quartz_Worker-1] DEBUG c.c.c.s.m.E.selectInEffectUnConvertData ? - ==>  Preparing: SELECT * FROM sys_announcement WHERE end_time >= ? and start_time < ? and notice = false
2026-04-19 13:15:00,032 [cordys-crm-quartz_Worker-1] DEBUG c.c.c.s.m.E.selectInEffectUnConvertData ? - ==> Parameters: 1776575700031(Long), 1776575700031(Long)
2026-04-19 13:15:00,033 [cordys-crm-quartz_Worker-1] DEBUG c.c.c.s.m.E.selectInEffectUnConvertData ? - <==      Total: 0
2026-04-19 13:15:00,033 [cordys-crm-quartz_Worker-1] DEBUG c.c.q.c.ClusterQuartzFixedDelayJobBean ? - The scheduled task ends normally：targetObject=notifyOnJob, targetMethod=onEvent
2026-04-19 13:15:00,033 [cordys-crm-quartz_Worker-1] DEBUG c.c.q.config.FixedDelayJobListener ? - Not a fixed delay job : DEFAULT.6da64b5bd2ee-b4a12474-66d4-42f0-817d-48eec9a05398
2026-04-19 13:20:00,013 [cordys-crm-quartz_Worker-2] DEBUG c.c.q.c.ClusterQuartzFixedDelayJobBean ? - The scheduled task starts：targetObject=notifyOnJob, targetMethod=onEvent
2026-04-19 13:20:00,014 [cordys-crm-quartz_Worker-2] DEBUG c.c.c.s.m.E.selectInEffectUnConvertData ? - ==>  Preparing: SELECT * FROM sys_announcement WHERE end_time >= ? and start_time < ? and notice = false
2026-04-19 13:20:00,014 [cordys-crm-quartz_Worker-2] DEBUG c.c.c.s.m.E.selectInEffectUnConvertData 135 - ==> Parameters: 1776576000013(Long), 1776576000013(Long)
2026-04-19 13:20:00,015 [cordys-crm-quartz_Worker-2] DEBUG c.c.c.s.m.E.selectInEffectUnConvertData ? - <==      Total: 0
2026-04-19 13:20:00,016 [cordys-crm-quartz_Worker-2] DEBUG c.c.q.c.ClusterQuartzFixedDelayJobBean 36 - The scheduled task ends normally：targetObject=notifyOnJob, targetMethod=onEvent
2026-04-19 13:20:00,016 [cordys-crm-quartz_Worker-2] DEBUG c.c.q.config.FixedDelayJobListener ? - Not a fixed delay job : DEFAULT.6da64b5bd2ee-b4a12474-66d4-42f0-817d-48eec9a05398
2026-04-19 13:50:00,018 [cordys-crm-quartz_Worker-3] DEBUG c.c.q.c.ClusterQuartzFixedDelayJobBean 32 - The scheduled task starts：targetObject=notifyOnJob, targetMethod=onEvent
2026-04-19 13:50:00,018 [cordys-crm-quartz_Worker-3] DEBUG c.c.c.s.m.E.selectInEffectUnConvertData ? - ==>  Preparing: SELECT * FROM sys_announcement WHERE end_time >= ? and start_time < ? and notice = false
2026-04-19 13:50:00,019 [cordys-crm-quartz_Worker-3] DEBUG c.c.c.s.m.E.selectInEffectUnConvertData ? - ==> Parameters: 1776577800018(Long), 1776577800018(Long)
2026-04-19 13:50:00,019 [cordys-crm-quartz_Worker-3] DEBUG c.c.c.s.m.E.selectInEffectUnConvertData ? - <==      Total: 0
2026-04-19 13:50:00,019 [cordys-crm-quartz_Worker-3] DEBUG c.c.q.c.ClusterQuartzFixedDelayJobBean 36 - The scheduled task ends normally：targetObject=notifyOnJob, targetMethod=onEvent
2026-04-19 13:50:00,019 [cordys-crm-quartz_Worker-3] DEBUG c.c.q.config.FixedDelayJobListener ? - Not a fixed delay job : DEFAULT.6da64b5bd2ee-b4a12474-66d4-42f0-817d-48eec9a05398
2026-04-19 14:00:00,016 [cordys-crm-quartz_Worker-4] DEBUG c.c.q.c.ClusterQuartzFixedDelayJobBean ? - The scheduled task starts：targetObject=notifyOnJob, targetMethod=onEvent
2026-04-19 14:00:00,017 [cordys-crm-quartz_Worker-4] DEBUG c.c.c.s.m.E.selectInEffectUnConvertData ? - ==>  Preparing: SELECT * FROM sys_announcement WHERE end_time >= ? and start_time < ? and notice = false
2026-04-19 14:00:00,017 [cordys-crm-quartz_Worker-4] DEBUG c.c.c.s.m.E.selectInEffectUnConvertData ? - ==> Parameters: 1776578400016(Long), 1776578400016(Long)
2026-04-19 14:00:00,018 [cordys-crm-quartz_Worker-4] DEBUG c.c.c.s.m.E.selectInEffectUnConvertData ? - <==      Total: 0
2026-04-19 14:00:00,018 [cordys-crm-quartz_Worker-4] DEBUG c.c.q.c.ClusterQuartzFixedDelayJobBean ? - The scheduled task ends normally：targetObject=notifyOnJob, targetMethod=onEvent
2026-04-19 14:00:00,018 [cordys-crm-quartz_Worker-4] DEBUG c.c.q.config.FixedDelayJobListener ? - Not a fixed delay job : DEFAULT.6da64b5bd2ee-b4a12474-66d4-42f0-817d-48eec9a05398
2026-04-19 14:05:00,020 [cordys-crm-quartz_Worker-5] DEBUG c.c.q.c.ClusterQuartzFixedDelayJobBean ? - The scheduled task starts：targetObject=notifyOnJob, targetMethod=onEvent
2026-04-19 14:05:00,021 [cordys-crm-quartz_Worker-5] DEBUG c.c.c.s.m.E.selectInEffectUnConvertData 135 - ==>  Preparing: SELECT * FROM sys_announcement WHERE end_time >= ? and start_time < ? and notice = false
2026-04-19 14:05:00,021 [cordys-crm-quartz_Worker-5] DEBUG c.c.c.s.m.E.selectInEffectUnConvertData 135 - ==> Parameters: 1776578700020(Long), 1776578700020(Long)
2026-04-19 14:05:00,022 [cordys-crm-quartz_Worker-5] DEBUG c.c.c.s.m.E.selectInEffectUnConvertData ? - <==      Total: 0
2026-04-19 14:05:00,022 [cordys-crm-quartz_Worker-5] DEBUG c.c.q.c.ClusterQuartzFixedDelayJobBean 36 - The scheduled task ends normally：targetObject=notifyOnJob, targetMethod=onEvent
2026-04-19 14:05:00,022 [cordys-crm-quartz_Worker-5] DEBUG c.c.q.config.FixedDelayJobListener ? - Not a fixed delay job : DEFAULT.6da64b5bd2ee-b4a12474-66d4-42f0-817d-48eec9a05398
