2026-05-23 00:02:00,136 [cordys-crm-quartz_Worker-7] INFO  cn.cordys.crm.system.job.SessionJob 75 - spring:session:sessions:26117b5b-8344-410d-b247-cfaa6312dd2f : admin 过期时间: 2285579
2026-05-23 00:02:00,137 [cordys-crm-quartz_Worker-7] INFO  cn.cordys.crm.system.job.SessionJob ? - spring:session:sessions:67f5107a-efb0-46fe-a3b6-9e528972a26c : admin 过期时间: 2292212
2026-05-23 00:02:00,138 [cordys-crm-quartz_Worker-7] INFO  cn.cordys.crm.system.job.SessionJob ? - spring:session:sessions:0f328438-c131-4526-a250-334bba7b3431 : admin 过期时间: 2288864
2026-05-23 00:02:00,139 [cordys-crm-quartz_Worker-7] INFO  cn.cordys.crm.system.job.SessionJob ? - spring:session:sessions:9c327e2a-6064-4ef3-bf65-91b54a06d709 : admin 过期时间: 2372730
2026-05-23 00:02:00,140 [cordys-crm-quartz_Worker-7] INFO  cn.cordys.crm.system.job.SessionJob ? - spring:session:sessions:0778ba87-e6d8-45ad-a049-fb22682c1647 : admin 过期时间: 2285772
2026-05-23 00:02:00,140 [cordys-crm-quartz_Worker-7] INFO  cn.cordys.crm.system.job.SessionJob ? - spring:session:sessions:0adca6a1-307c-4fd1-bcf8-ed8dd1e01db9 : admin 过期时间: 2292245
2026-05-23 00:02:00,141 [cordys-crm-quartz_Worker-7] INFO  cn.cordys.crm.system.job.SessionJob ? - spring:session:sessions:405a5b5d-af1f-4910-a5bd-3caa722b7493 : admin 过期时间: 2292502
2026-05-23 00:02:00,142 [cordys-crm-quartz_Worker-7] INFO  cn.cordys.crm.system.job.SessionJob ? - spring:session:sessions:2d26e02e-548a-48bd-b419-a999205da37c : admin 过期时间: 2292420
2026-05-23 00:02:00,143 [cordys-crm-quartz_Worker-7] INFO  cn.cordys.crm.system.job.SessionJob ? - spring:session:sessions:9aa54502-ea84-451f-97f9-4f2d35ac3e19 : admin 过期时间: 2285589
2026-05-23 00:02:00,143 [cordys-crm-quartz_Worker-7] INFO  cn.cordys.crm.system.job.SessionJob ? - spring:session:sessions:14ef5175-bf0d-4729-8a12-aa274c472a61 : admin 过期时间: 2288475
2026-05-23 00:02:00,144 [cordys-crm-quartz_Worker-7] INFO  cn.cordys.crm.system.job.SessionJob ? - spring:session:sessions:6fbc36ba-273f-4624-b271-4a51e31740b5 : admin 过期时间: 2285877
2026-05-23 00:02:00,145 [cordys-crm-quartz_Worker-7] INFO  cn.cordys.crm.system.job.SessionJob ? - spring:session:sessions:9f28cedd-3b8b-4887-8a9e-e8ac2abb1799 : admin 过期时间: 2292558
2026-05-23 00:02:00,146 [cordys-crm-quartz_Worker-7] INFO  cn.cordys.crm.system.job.SessionJob ? - spring:session:sessions:ac60a977-3e6e-4b1e-9adf-09edfe34f1e5 : admin 过期时间: 2285661
2026-05-23 00:02:00,146 [cordys-crm-quartz_Worker-7] INFO  cn.cordys.crm.system.job.SessionJob ? - spring:session:sessions:e70733f9-2255-4768-9847-946aab91e318 : admin 过期时间: 2285755
2026-05-23 00:02:00,147 [cordys-crm-quartz_Worker-7] INFO  cn.cordys.crm.system.job.SessionJob ? - spring:session:sessions:3f1c673e-c3ab-43ce-acc5-d567eb24fbad : admin 过期时间: 2292107
2026-05-23 00:02:00,148 [cordys-crm-quartz_Worker-7] INFO  cn.cordys.crm.system.job.SessionJob ? - spring:session:sessions:769b0211-8cf1-455b-9bcc-cff27879ec68 : admin 过期时间: 2285537
2026-05-23 00:02:00,149 [cordys-crm-quartz_Worker-7] INFO  cn.cordys.crm.system.job.SessionJob ? - spring:session:sessions:5babd710-c2cf-421c-a38b-7c4e66d86da2 : admin 过期时间: 2292149
2026-05-23 00:02:00,149 [cordys-crm-quartz_Worker-7] INFO  cn.cordys.crm.system.job.SessionJob 75 - spring:session:sessions:b5b88a16-dcc2-4d01-bf03-9c7f61022b7a : admin 过期时间: 2292224
2026-05-23 00:02:00,150 [cordys-crm-quartz_Worker-7] INFO  cn.cordys.crm.system.job.SessionJob ? - spring:session:sessions:bce1f9da-32e6-46f1-a1e1-b85b6fb7e6e3 : admin 过期时间: 2285796
2026-05-23 00:02:00,151 [cordys-crm-quartz_Worker-7] INFO  cn.cordys.crm.system.job.SessionJob 75 - spring:session:sessions:5738ce5b-31fe-4f86-bf40-9bd29720aeba : admin 过期时间: 2288549
2026-05-23 00:02:00,151 [cordys-crm-quartz_Worker-7] INFO  cn.cordys.crm.system.job.SessionJob ? - spring:session:sessions:b43b1aab-80cd-42cb-921e-fd3420151343 : admin 过期时间: 2288573
2026-05-23 00:02:00,152 [cordys-crm-quartz_Worker-7] INFO  cn.cordys.crm.system.job.SessionJob ? - spring:session:sessions:d20c1651-1d19-49f4-9a4d-fa6bc0b93b20 : admin 过期时间: 2292493
2026-05-23 00:02:00,153 [cordys-crm-quartz_Worker-7] INFO  cn.cordys.crm.system.job.SessionJob 75 - spring:session:sessions:f232a103-b1c5-4f34-aa71-6f6deac4ba3a : admin 过期时间: 2291872
2026-05-23 00:02:00,153 [cordys-crm-quartz_Worker-7] INFO  cn.cordys.crm.system.job.SessionJob 75 - spring:session:sessions:10e74292-852b-4f73-948a-e53bd2b2abc4 : admin 过期时间: 2292584
2026-05-23 00:02:00,154 [cordys-crm-quartz_Worker-7] INFO  cn.cordys.crm.system.job.SessionJob 75 - spring:session:sessions:36bd3dc0-8cb4-44c7-9b56-0be805f2a4d2 : admin 过期时间: 2285950
2026-05-23 00:02:00,155 [cordys-crm-quartz_Worker-7] INFO  cn.cordys.crm.system.job.SessionJob 75 - spring:session:sessions:dca8766c-2df4-4c63-b450-741f26722c22 : admin 过期时间: 2568474
2026-05-23 00:02:00,155 [cordys-crm-quartz_Worker-7] INFO  cn.cordys.crm.system.job.SessionJob ? - spring:session:sessions:e37eac33-fc55-45b1-ae51-e829753c129a : admin 过期时间: 2285525
2026-05-23 00:02:00,156 [cordys-crm-quartz_Worker-7] INFO  cn.cordys.crm.system.job.SessionJob ? - spring:session:sessions:c533a775-f141-4215-a30f-1b68d7fca31f : admin 过期时间: 2292594
2026-05-23 00:02:00,157 [cordys-crm-quartz_Worker-7] INFO  cn.cordys.crm.system.job.SessionJob ? - spring:session:sessions:a91f8d0a-e65d-4a6d-9656-5699970dd1db : admin 过期时间: 2285830
2026-05-23 00:02:00,158 [cordys-crm-quartz_Worker-7] INFO  cn.cordys.crm.system.job.SessionJob ? - spring:session:sessions:e99465b0-2140-4c1f-89b7-862a0e4f1c6c : admin 过期时间: 2292120
2026-05-23 00:02:00,158 [cordys-crm-quartz_Worker-7] INFO  cn.cordys.crm.system.job.SessionJob ? - spring:session:sessions:7e84b625-8066-4203-b573-97d4d32c8063 : admin 过期时间: 2290268
2026-05-23 00:02:00,159 [cordys-crm-quartz_Worker-7] INFO  cn.cordys.crm.system.job.SessionJob ? - spring:session:sessions:79949223-28a1-42f5-91de-4f46adc638d0 : admin 过期时间: 2292473
2026-05-23 00:02:00,160 [cordys-crm-quartz_Worker-7] INFO  cn.cordys.crm.system.job.SessionJob ? - spring:session:sessions:1ad55270-6f3d-456e-afee-a0ca9c51b888 : admin 过期时间: 2292164
2026-05-23 00:02:00,161 [cordys-crm-quartz_Worker-7] INFO  cn.cordys.crm.system.job.SessionJob ? - spring:session:sessions:7d1de71d-3b0a-4745-b4b3-cd7245086d8d : admin 过期时间: 2289014
2026-05-23 00:02:00,161 [cordys-crm-quartz_Worker-7] INFO  cn.cordys.crm.system.job.SessionJob ? - spring:session:sessions:a34099c6-2f3d-4867-87e6-cdf72cf2425f : admin 过期时间: 2288661
2026-05-23 00:02:00,162 [cordys-crm-quartz_Worker-7] INFO  cn.cordys.crm.system.job.SessionJob ? - spring:session:sessions:658aa20e-836c-453f-b768-043a7a9a0e32 : admin 过期时间: 2288644
2026-05-23 00:02:00,164 [cordys-crm-quartz_Worker-7] INFO  cn.cordys.crm.system.job.SessionJob ? - spring:session:sessions:f0daa377-581a-4638-93cd-748588681275 : admin 过期时间: 2291171
2026-05-23 00:02:00,165 [cordys-crm-quartz_Worker-7] INFO  cn.cordys.crm.system.job.SessionJob ? - spring:session:sessions:edbebf41-de34-4849-bfa6-27fdfd3d9799 : admin 过期时间: 2288516
2026-05-23 00:02:00,166 [cordys-crm-quartz_Worker-7] INFO  cn.cordys.crm.system.job.SessionJob ? - spring:session:sessions:2b7b96c5-630d-457f-a02e-9e332cc7d8e5 : admin 过期时间: 2291512
2026-05-23 00:02:00,167 [cordys-crm-quartz_Worker-7] INFO  cn.cordys.crm.system.job.SessionJob ? - spring:session:sessions:29b2f127-7077-474e-96f9-706d9da85578 : admin 过期时间: 2292141
2026-05-23 00:02:00,168 [cordys-crm-quartz_Worker-7] INFO  cn.cordys.crm.system.job.SessionJob ? - spring:session:sessions:bbab8d9b-4578-4c55-8f3a-aea867d564e0 : admin 过期时间: 2285516
2026-05-23 00:02:00,168 [cordys-crm-quartz_Worker-7] INFO  cn.cordys.crm.system.job.SessionJob ? - spring:session:sessions:b5a5c521-c1da-4e5b-a56a-d3e8d67561bd : admin 过期时间: 2285558
2026-05-23 00:02:00,169 [cordys-crm-quartz_Worker-7] INFO  cn.cordys.crm.system.job.SessionJob ? - spring:session:sessions:d1337661-e72a-4101-910b-543a08cb3a4d : admin 过期时间: 2285600
2026-05-23 00:02:00,170 [cordys-crm-quartz_Worker-7] INFO  cn.cordys.crm.system.job.SessionJob 75 - spring:session:sessions:2afc17b7-a576-4175-858a-cde80c12c040 : admin 过期时间: 2292132
2026-05-23 00:02:00,171 [cordys-crm-quartz_Worker-7] INFO  cn.cordys.crm.system.job.SessionJob ? - spring:session:sessions:273204f7-e582-4a24-9dfa-a0616fc30b92 : admin 过期时间: 2285637
2026-05-23 00:02:00,174 [cordys-crm-quartz_Worker-7] INFO  cn.cordys.crm.system.job.SessionJob ? - 用户会话统计: {"admin":45}
2026-05-23 03:00:00,054 [cordys-crm-quartz_Worker-4] INFO  c.c.crm.system.job.TaskCleanupJob ? - 开始执行所有清理任务
2026-05-23 03:00:00,062 [cordys-crm-quartz_Worker-4] INFO  c.c.c.s.j.l.CleanTempResourceListener ? - 开始清理临时目录资源
2026-05-23 03:00:00,066 [cordys-crm-quartz_Worker-4] INFO  c.c.c.s.j.l.CleanTempResourceListener 37 - 临时目录资源清理完成
2026-05-23 03:00:00,066 [cordys-crm-quartz_Worker-4] INFO  c.c.c.s.j.l.CluePoolRecycleListener 61 - 开始回收线索资源
2026-05-23 03:00:00,070 [cordys-crm-quartz_Worker-4] INFO  c.c.c.s.j.l.CluePoolRecycleListener ? - 没有启用的自动回收线索池，回收任务结束
2026-05-23 03:00:00,070 [cordys-crm-quartz_Worker-4] INFO  c.c.c.s.j.l.CustomerPoolRecycleListener 79 - 开始回收客户资源
2026-05-23 03:00:00,072 [cordys-crm-quartz_Worker-4] INFO  c.c.c.s.j.l.CustomerPoolRecycleListener 84 - 没有启用的自动回收公海，回收任务结束
2026-05-23 03:00:00,073 [cordys-crm-quartz_Worker-4] INFO  c.c.c.s.j.l.FollowUpPlanRemindListener ? - 跟进计划到期提醒
2026-05-23 03:00:00,074 [cordys-crm-quartz_Worker-4] INFO  c.c.c.s.j.l.FollowUpPlanRemindListener 153 - 跟进计划到期提醒完成
2026-05-23 03:00:00,074 [cordys-crm-quartz_Worker-4] INFO  c.c.c.s.j.l.OpportunityRuleListener 74 - 开始回收商机资源
2026-05-23 03:00:00,076 [cordys-crm-quartz_Worker-4] INFO  c.c.c.s.j.l.OpportunityRuleListener 81 - 没有启用的自动回收商机规则，回收任务结束
2026-05-23 03:00:00,076 [cordys-crm-quartz_Worker-4] INFO  c.c.crm.system.job.TaskCleanupJob 36 - 所有清理任务执行完成
2026-05-23 08:00:00,023 [cordys-crm-quartz_Worker-4] INFO  c.c.crm.system.job.NoticeExpireJob 209 - 商机报价单即将到期提醒
2026-05-23 08:00:00,025 [cordys-crm-quartz_Worker-4] INFO  c.c.crm.system.job.NoticeExpireJob 273 - 商机报价单到期提醒
2026-05-23 08:00:00,026 [cordys-crm-quartz_Worker-4] INFO  c.c.crm.system.job.NoticeExpireJob 360 - 回款计划即将到期提醒
2026-05-23 08:00:00,027 [cordys-crm-quartz_Worker-4] INFO  c.c.crm.system.job.NoticeExpireJob 418 - 回款计划到期提醒
2026-05-23 08:00:00,027 [cordys-crm-quartz_Worker-4] INFO  c.c.crm.system.job.NoticeExpireJob 149 - 合同即将到期提醒
2026-05-23 08:00:00,028 [cordys-crm-quartz_Worker-4] INFO  c.c.crm.system.job.NoticeExpireJob 97 - 合同到期提醒
